1683573896.959645 client started (2519157): version 3.2a, socket /tmp/wemux-wemux, protocol 8
1683573896.959693 on Linux 5.19.0-41-generic #42~22.04.1-Ubuntu SMP PREEMPT_DYNAMIC Tue Apr 18 17:40:00 UTC 2
1683573896.959704 using libevent 2.1.12-stable (poll); ncurses 6.3
1683573896.959731 flags are 0x10010000
1683573896.959738 socket is /tmp/wemux-wemux
1683573896.959759 trying connect
1683573896.959877 add peer 0x558ec95ab760: 6 ((nil))
1683573896.960388 sending message 100 to peer 0x558ec95ab760 (4 bytes)
1683573896.960418 sending message 111 to peer 0x558ec95ab760 (8 bytes)
1683573896.960427 sending message 101 to peer 0x558ec95ab760 (16 bytes)
1683573896.960434 sending message 109 to peer 0x558ec95ab760 (4 bytes)
1683573896.960441 sending message 102 to peer 0x558ec95ab760 (12 bytes)
1683573896.960449 sending message 108 to peer 0x558ec95ab760 (43 bytes)
1683573896.960457 sending message 112 to peer 0x558ec95ab760 (70 bytes)
1683573896.960481 sending message 112 to peer 0x558ec95ab760 (5 bytes)
1683573896.960497 sending message 112 to peer 0x558ec95ab760 (5 bytes)
1683573896.960505 sending message 112 to peer 0x558ec95ab760 (6 bytes)
1683573896.960511 sending message 112 to peer 0x558ec95ab760 (6 bytes)
1683573896.960518 sending message 112 to peer 0x558ec95ab760 (11 bytes)
1683573896.960525 sending message 112 to peer 0x558ec95ab760 (10 bytes)
1683573896.960533 sending message 112 to peer 0x558ec95ab760 (13 bytes)
1683573896.960540 sending message 112 to peer 0x558ec95ab760 (13 bytes)
1683573896.960547 sending message 112 to peer 0x558ec95ab760 (18 bytes)
1683573896.960554 sending message 112 to peer 0x558ec95ab760 (11 bytes)
1683573896.960560 sending message 112 to peer 0x558ec95ab760 (21 bytes)
1683573896.960567 sending message 112 to peer 0x558ec95ab760 (13 bytes)
1683573896.960574 sending message 112 to peer 0x558ec95ab760 (7 bytes)
1683573896.960582 sending message 112 to peer 0x558ec95ab760 (13 bytes)
1683573896.960589 sending message 112 to peer 0x558ec95ab760 (7 bytes)
1683573896.960596 sending message 112 to peer 0x558ec95ab760 (13 bytes)
1683573896.960604 sending message 112 to peer 0x558ec95ab760 (9 bytes)
1683573896.960615 sending message 112 to peer 0x558ec95ab760 (21 bytes)
1683573896.960625 sending message 112 to peer 0x558ec95ab760 (13 bytes)
1683573896.960635 sending message 112 to peer 0x558ec95ab760 (8 bytes)
1683573896.960645 sending message 112 to peer 0x558ec95ab760 (12 bytes)
1683573896.960655 sending message 112 to peer 0x558ec95ab760 (13 bytes)
1683573896.960664 sending message 112 to peer 0x558ec95ab760 (9 bytes)
1683573896.960675 sending message 112 to peer 0x558ec95ab760 (9 bytes)
1683573896.960684 sending message 112 to peer 0x558ec95ab760 (12 bytes)
1683573896.960694 sending message 112 to peer 0x558ec95ab760 (8 bytes)
1683573896.960704 sending message 112 to peer 0x558ec95ab760 (7 bytes)
1683573896.960713 sending message 112 to peer 0x558ec95ab760 (7 bytes)
1683573896.960724 sending message 112 to peer 0x558ec95ab760 (9 bytes)
1683573896.960735 sending message 112 to peer 0x558ec95ab760 (13 bytes)
1683573896.960745 sending message 112 to peer 0x558ec95ab760 (9 bytes)
1683573896.960757 sending message 112 to peer 0x558ec95ab760 (15 bytes)
1683573896.960771 sending message 112 to peer 0x558ec95ab760 (13 bytes)
1683573896.960780 sending message 112 to peer 0x558ec95ab760 (12 bytes)
1683573896.960791 sending message 112 to peer 0x558ec95ab760 (8 bytes)
1683573896.960803 sending message 112 to peer 0x558ec95ab760 (14 bytes)
1683573896.960814 sending message 112 to peer 0x558ec95ab760 (9 bytes)
1683573896.960824 sending message 112 to peer 0x558ec95ab760 (10 bytes)
1683573896.960833 sending message 112 to peer 0x558ec95ab760 (10 bytes)
1683573896.960843 sending message 112 to peer 0x558ec95ab760 (10 bytes)
1683573896.960854 sending message 112 to peer 0x558ec95ab760 (10 bytes)
1683573896.960864 sending message 112 to peer 0x558ec95ab760 (11 bytes)
1683573896.960873 sending message 112 to peer 0x558ec95ab760 (10 bytes)
1683573896.960884 sending message 112 to peer 0x558ec95ab760 (8 bytes)
1683573896.960906 sending message 112 to peer 0x558ec95ab760 (11 bytes)
1683573896.960939 sending message 112 to peer 0x558ec95ab760 (11 bytes)
1683573896.960950 sending message 112 to peer 0x558ec95ab760 (11 bytes)
1683573896.960961 sending message 112 to peer 0x558ec95ab760 (8 bytes)
1683573896.960972 sending message 112 to peer 0x558ec95ab760 (8 bytes)
1683573896.960982 sending message 112 to peer 0x558ec95ab760 (8 bytes)
1683573896.960992 sending message 112 to peer 0x558ec95ab760 (10 bytes)
1683573896.961002 sending message 112 to peer 0x558ec95ab760 (10 bytes)
1683573896.961012 sending message 112 to peer 0x558ec95ab760 (10 bytes)
1683573896.961021 sending message 112 to peer 0x558ec95ab760 (10 bytes)
1683573896.961030 sending message 112 to peer 0x558ec95ab760 (10 bytes)
1683573896.961041 sending message 112 to peer 0x558ec95ab760 (11 bytes)
1683573896.961050 sending message 112 to peer 0x558ec95ab760 (11 bytes)
1683573896.961059 sending message 112 to peer 0x558ec95ab760 (10 bytes)
1683573896.961067 sending message 112 to peer 0x558ec95ab760 (9 bytes)
1683573896.961077 sending message 112 to peer 0x558ec95ab760 (9 bytes)
1683573896.961087 sending message 112 to peer 0x558ec95ab760 (12 bytes)
1683573896.961097 sending message 112 to peer 0x558ec95ab760 (9 bytes)
1683573896.961107 sending message 112 to peer 0x558ec95ab760 (6 bytes)
1683573896.961116 sending message 112 to peer 0x558ec95ab760 (13 bytes)
1683573896.961125 sending message 112 to peer 0x558ec95ab760 (8 bytes)
1683573896.961136 sending message 112 to peer 0x558ec95ab760 (15 bytes)
1683573896.961146 sending message 112 to peer 0x558ec95ab760 (13 bytes)
1683573896.961158 sending message 112 to peer 0x558ec95ab760 (70 bytes)
1683573896.961170 sending message 112 to peer 0x558ec95ab760 (69 bytes)
1683573896.961181 sending message 112 to peer 0x558ec95ab760 (10 bytes)
1683573896.961191 sending message 112 to peer 0x558ec95ab760 (8 bytes)
1683573896.961201 sending message 112 to peer 0x558ec95ab760 (15 bytes)
1683573896.961211 sending message 112 to peer 0x558ec95ab760 (13 bytes)
1683573896.961222 sending message 112 to peer 0x558ec95ab760 (10 bytes)
1683573896.961233 sending message 112 to peer 0x558ec95ab760 (10 bytes)
1683573896.961244 sending message 112 to peer 0x558ec95ab760 (5 bytes)
1683573896.961256 sending message 112 to peer 0x558ec95ab760 (15 bytes)
1683573896.961270 sending message 104 to peer 0x558ec95ab760 (0 bytes)
1683573896.961281 sending message 110 to peer 0x558ec95ab760 (0 bytes)
1683573896.961293 sending message 107 to peer 0x558ec95ab760 (4 bytes)
1683573896.961304 sending message 105 to peer 0x558ec95ab760 (27 bytes)
1683573896.961314 sending message 105 to peer 0x558ec95ab760 (11 bytes)
1683573896.961325 sending message 105 to peer 0x558ec95ab760 (20 bytes)
1683573896.961335 sending message 105 to peer 0x558ec95ab760 (54 bytes)
1683573896.961346 sending message 105 to peer 0x558ec95ab760 (23 bytes)
1683573896.961357 sending message 105 to peer 0x558ec95ab760 (11 bytes)
1683573896.961368 sending message 105 to peer 0x558ec95ab760 (11 bytes)
1683573896.961379 sending message 105 to peer 0x558ec95ab760 (41 bytes)
1683573896.961390 sending message 105 to peer 0x558ec95ab760 (66 bytes)
1683573896.961399 sending message 105 to peer 0x558ec95ab760 (18 bytes)
1683573896.961408 sending message 105 to peer 0x558ec95ab760 (44 bytes)
1683573896.961419 sending message 105 to peer 0x558ec95ab760 (32 bytes)
1683573896.961428 sending message 105 to peer 0x558ec95ab760 (86 bytes)
1683573896.961474 sending message 105 to peer 0x558ec95ab760 (32 bytes)
1683573896.961494 sending message 105 to peer 0x558ec95ab760 (52 bytes)
1683573896.961506 sending message 105 to peer 0x558ec95ab760 (19 bytes)
1683573896.961517 sending message 105 to peer 0x558ec95ab760 (28 bytes)
1683573896.961529 sending message 105 to peer 0x558ec95ab760 (27 bytes)
1683573896.961541 sending message 105 to peer 0x558ec95ab760 (17 bytes)
1683573896.961553 sending message 105 to peer 0x558ec95ab760 (24 bytes)
1683573896.961565 sending message 105 to peer 0x558ec95ab760 (29 bytes)
1683573896.961576 sending message 105 to peer 0x558ec95ab760 (17 bytes)
1683573896.961606 sending message 105 to peer 0x558ec95ab760 (19 bytes)
1683573896.961618 sending message 105 to peer 0x558ec95ab760 (33 bytes)
1683573896.961631 sending message 105 to peer 0x558ec95ab760 (14 bytes)
1683573896.961643 sending message 105 to peer 0x558ec95ab760 (33 bytes)
1683573896.961654 sending message 105 to peer 0x558ec95ab760 (49 bytes)
1683573896.961661 sending message 105 to peer 0x558ec95ab760 (50 bytes)
1683573896.961668 sending message 105 to peer 0x558ec95ab760 (10 bytes)
1683573896.961675 sending message 105 to peer 0x558ec95ab760 (12 bytes)
1683573896.961683 sending message 105 to peer 0x558ec95ab760 (366 bytes)
1683573896.961690 sending message 105 to peer 0x558ec95ab760 (47 bytes)
1683573896.961697 sending message 105 to peer 0x558ec95ab760 (19 bytes)
1683573896.961705 sending message 105 to peer 0x558ec95ab760 (18 bytes)
1683573896.961711 sending message 105 to peer 0x558ec95ab760 (16 bytes)
1683573896.961719 sending message 105 to peer 0x558ec95ab760 (96 bytes)
1683573896.961726 sending message 105 to peer 0x558ec95ab760 (19 bytes)
1683573896.961733 sending message 105 to peer 0x558ec95ab760 (8 bytes)
1683573896.961740 sending message 105 to peer 0x558ec95ab760 (33 bytes)
1683573896.961748 sending message 105 to peer 0x558ec95ab760 (41 bytes)
1683573896.961755 sending message 105 to peer 0x558ec95ab760 (22 bytes)
1683573896.961763 sending message 105 to peer 0x558ec95ab760 (21 bytes)
1683573896.961770 sending message 105 to peer 0x558ec95ab760 (18 bytes)
1683573896.961778 sending message 105 to peer 0x558ec95ab760 (26 bytes)
1683573896.961785 sending message 105 to peer 0x558ec95ab760 (32 bytes)
1683573896.961792 sending message 105 to peer 0x558ec95ab760 (14 bytes)
1683573896.961800 sending message 105 to peer 0x558ec95ab760 (52 bytes)
1683573896.961807 sending message 105 to peer 0x558ec95ab760 (11 bytes)
1683573896.961815 sending message 105 to peer 0x558ec95ab760 (15 bytes)
1683573896.961826 sending message 105 to peer 0x558ec95ab760 (10 bytes)
1683573896.961837 sending message 105 to peer 0x558ec95ab760 (17 bytes)
1683573896.961848 sending message 105 to peer 0x558ec95ab760 (13 bytes)
1683573896.961859 sending message 105 to peer 0x558ec95ab760 (41 bytes)
1683573896.961869 sending message 105 to peer 0x558ec95ab760 (45 bytes)
1683573896.961881 sending message 105 to peer 0x558ec95ab760 (33 bytes)
1683573896.961893 sending message 105 to peer 0x558ec95ab760 (102 bytes)
1683573896.961905 sending message 105 to peer 0x558ec95ab760 (23 bytes)
1683573896.961917 sending message 105 to peer 0x558ec95ab760 (31 bytes)
1683573896.961925 sending message 105 to peer 0x558ec95ab760 (23 bytes)
1683573896.961932 sending message 105 to peer 0x558ec95ab760 (27 bytes)
1683573896.961939 sending message 105 to peer 0x558ec95ab760 (21 bytes)
1683573896.961945 sending message 105 to peer 0x558ec95ab760 (20 bytes)
1683573896.961952 sending message 105 to peer 0x558ec95ab760 (16 bytes)
1683573896.961960 sending message 105 to peer 0x558ec95ab760 (21 bytes)
1683573896.961967 sending message 105 to peer 0x558ec95ab760 (109 bytes)
1683573896.961974 sending message 105 to peer 0x558ec95ab760 (83 bytes)
1683573896.961981 sending message 105 to peer 0x558ec95ab760 (42 bytes)
1683573896.961989 sending message 106 to peer 0x558ec95ab760 (0 bytes)
1683573896.962000 sending message 200 to peer 0x558ec95ab760 (4 bytes)
1683573896.962007 client loop enter
1683573896.963082 peer 0x558ec95ab760 message 303
1683573896.963110 open write file 2 -
1683573896.963127 sending message 305 to peer 0x558ec95ab760 (8 bytes)
1683573896.963146 write check file 2
1683573896.963421 peer 0x558ec95ab760 message 304
1683573896.963437 write 58 to file 2
1683573896.963452 peer 0x558ec95ab760 message 203
1683573896.963463 file 2 58 bytes left
1683573896.963497 write check file 2
1683573896.963509 client loop exit
